<html>
<body>
<pre>
<h1>µVision Build Log</h1>
<h2>Tool Versions:</h2>
IDE-Version: µVision V5.12.0.0
Copyright (C) 2014 ARM Ltd and ARM Germany GmbH. All rights reserved.
License Information: 1 Microsoft, Microsoft, LIC=P6F63-A0USJ-ZEYH2-9YH1V-E5BIZ-K8TWT
 
Tool Versions:
Toolchain:       MDK-ARM Professional  Version: 5.12.0.0
Toolchain Path:  C:\Keil_v5\ARM\ARMCC\Bin
C Compiler:      Armcc.exe V5.05 (build 41)
Assembler:       Armasm.exe V5.05 (build 41)
Linker/Locator:  ArmLink.exe V5.05 (build 41)
Library Manager: ArmAr.exe V5.05 (build 41)
Hex Converter:   FromElf.exe V5.05 (build 41)
CPU DLL:         SARMCM3.DLL V5.12.0.0
Dialog DLL:      DCM.DLL V1.13.0.0
    Target DLL: STLink\ST-LINKIII-KEIL_SWO.dll
Dialog DLL:      TCM.DLL V1.14.2.0
 
<h2>Project:</h2>
F:\WORK\SOURSE\SORCES\New_OWB\MDK-ARM\OpticalWB.uvprojx
Project File Date:  12/18/2014

<h2>Output:</h2>
Rebuild target 'Target 1'
compiling main.c...
compiling misc.c...
compiling stm32f4xx_adc.c...
compiling stm32f4xx_dma.c...
compiling stm32f4xx_exti.c...
compiling stm32f4xx_fsmc.c...
compiling stm32f4xx_gpio.c...
compiling stm32f4xx_i2c.c...
compiling stm32f4xx_rcc.c...
compiling stm32f4xx_spi.c...
compiling stm32f4xx_tim.c...
compiling stm32f4xx_usart.c...
compiling RTX_Conf_CM.c...
assembling startup_stm32f407xx.s...
compiling system_stm32f4xx.c...
linking...
Program Size: Code=5956 RO-data=512 RW-data=96 ZI-data=4752  
FromELF: creating hex file...
".\Objects\OpticalWB.axf" - 0 Error(s), 0 Warning(s).

<h2>Software Packages used:</h2>

Package Vendor: ARM
                http://www.keil.com/pack/ARM.CMSIS.4.2.0.pack
                ::CMSIS:RTOS:1.0 (API)
                CMSIS (Cortex Microcontroller Software Interface Standard)
   * Component: RTOS Version: 1.0
   * Component: CORE Version: 3.40.0
   * Component: Keil RTX Version: 4.75.0

Package Vendor: Keil
                http://www.keil.com/pack/Keil.STM32F4xx_DFP.2.3.0.pack
                Keil::Device:Startup:2.1.0
                STMicroelectronics STM32F4 Series Device Support, Drivers and Examples
   * Component: Startup Version: 2.1.0

<h2>Collection of Component include folders:</h2>
  F:\WORK\SOURSE\SORCES\New_OWB\MDK-ARM\RTE
  C:\Keil_v5\ARM\PACK\ARM\CMSIS\4.2.0\CMSIS\Include
  C:\Keil_v5\ARM\PACK\ARM\CMSIS\4.2.0\CMSIS_RTX\INC
  C:\Keil_v5\ARM\PACK\Keil\STM32F4xx_DFP\2.3.0\Drivers\CMSIS\Device\ST\STM32F4xx\Include

<h2>Collection of Component Files used:</h2>

   * Component: ::CMSIS:RTOS:1.0 (API)

   * Component: ARM::CMSIS:CORE:3.40.0
      Source file:   CMSIS\UserCodeTemplates\ARM\ITM_Retarget.c

   * Component: ARM::CMSIS:RTOS:Keil RTX:4.75.0
      Include file:  CMSIS_RTX\INC\cmsis_os.h
      Source file:   CMSIS_RTX\Templates\RTX_Conf_CM.c
      Include file:  CMSIS_RTX\UserCodeTemplates\osObjects.h
      Source file:   CMSIS_RTX\UserCodeTemplates\main.c
      Source file:   CMSIS_RTX\UserCodeTemplates\MailQueue.c
      Source file:   CMSIS_RTX\UserCodeTemplates\MemPool.c
      Source file:   CMSIS_RTX\UserCodeTemplates\MsgQueue.c
      Source file:   CMSIS_RTX\UserCodeTemplates\Mutex.c
      Source file:   CMSIS_RTX\UserCodeTemplates\Semaphore.c
      Source file:   CMSIS_RTX\UserCodeTemplates\Thread.c
      Source file:   CMSIS_RTX\UserCodeTemplates\Timer.c
      Source file:   CMSIS_RTX\SRC\ARM\SVC_Table.s
      Library file:  CMSIS_RTX\LIB\ARM\RTX_CM4.lib

   * Component: Keil::Device:Startup:2.1.0
      Source file:   MDK\Device\Source\ARM\STM32F40xxx_41xxx_OPT.s
      Source file:   MDK\Device\Source\ARM\STM32F4xx_OTP.s
      Include file:  Drivers\CMSIS\Device\ST\STM32F4xx\Include\stm32f4xx.h
      Source file:   Drivers\CMSIS\Device\ST\STM32F4xx\Source\Templates\arm\startup_stm32f407xx.s
      Source file:   MDK\Device\Source\ARM\system_stm32f4xx.c
Load "F:\\WORK\\SOURSE\\SORCES\\New_OWB\\MDK-ARM\\Objects\\OpticalWB.axf" 
Erase Done.
Programming Done.
Verify OK.
pe;
..\Libraries\CMSIS\Include\core_cm4.h(368): warning:  #99-D: a declaration here must declare a parameter
  typedef struct
..\Libraries\CMSIS\Include\core_cm4.h(391): warning:  #231-D: declaration is not visible outside of function
  } SCB_Type;
..\Libraries\CMSIS\Include\core_cm4.h(585): warning:  #99-D: a declaration here must declare a parameter
  typedef struct
..\Libraries\CMSIS\Include\core_cm4.h(590): warning:  #231-D: declaration is not visible outside of function
  } SCnSCB_Type;
..\Libraries\CMSIS\Include\core_cm4.h(623): warning:  #99-D: a declaration here must declare a parameter
  typedef struct
..\Libraries\CMSIS\Include\core_cm4.h(629): warning:  #231-D: declaration is not visible outside of function
  } SysTick_Type;
..\Libraries\CMSIS\Include\core_cm4.h(673): warning:  #99-D: a declaration here must declare a parameter
  typedef struct
..\Libraries\CMSIS\Include\core_cm4.h(707): warning:  #231-D: declaration is not visible outside of function
  } ITM_Type;
..\Libraries\CMSIS\Include\core_cm4.h(774): warning:  #99-D: a declaration here must declare a parameter
  typedef struct
..\Libraries\CMSIS\Include\core_cm4.h(799): warning:  #231-D: declaration is not visible outside of function
  } DWT_Type;
..\Libraries\CMSIS\Include\core_cm4.h(919): warning:  #99-D: a declaration here must declare a parameter
  typedef struct
..\Libraries\CMSIS\Include\core_cm4.h(945): warning:  #231-D: declaration is not visible outside of function
  } TPI_Type;
..\Libraries\CMSIS\Include\core_cm4.h(1073): warning:  #99-D: a declaration here must declare a parameter
  typedef struct
..\Libraries\CMSIS\Include\core_cm4.h(1086): warning:  #231-D: declaration is not visible outside of function
  } MPU_Type;
..\Libraries\CMSIS\Include\core_cm4.h(1166): warning:  #99-D: a declaration here must declare a parameter
  typedef struct
..\Libraries\CMSIS\Include\core_cm4.h(1174): warning:  #231-D: declaration is not visible outside of function
  } FPU_Type;
..\Libraries\CMSIS\Include\core_cm4.h(1271): warning:  #99-D: a declaration here must declare a parameter
  typedef struct
..\Libraries\CMSIS\Include\core_cm4.h(1277): warning:  #231-D: declaration is not visible outside of function
  } CoreDebug_Type;
..\Libraries\CMSIS\Include\core_cm4.h(1435): error:  #85: invalid storage class for a parameter
  __STATIC_INLINE void NVIC_SetPriorityGrouping(uint32_t PriorityGroup)
..\Libraries\CMSIS\Include\core_cm4.h(1435): warning:  #85-D: invalid storage class for a parameter
  __STATIC_INLINE void NVIC_SetPriorityGrouping(uint32_t PriorityGroup)
..\Libraries\CMSIS\Include\core_cm4.h(1435): error:  #99: a declaration here must declare a parameter
  __STATIC_INLINE void NVIC_SetPriorityGrouping(uint32_t PriorityGroup)
..\Libraries\CMSIS\Include\core_cm4.h: Error:  #325: inline specifier allowed on function declarations only
..\Libraries\CMSIS\Include\core_cm4.h(1435): error:  #655-D: the modifier "__inline" is not allowed on this declaration
  __STATIC_INLINE void NVIC_SetPriorityGrouping(uint32_t PriorityGroup)
..\Libraries\CMSIS\Include\core_cm4.h(1436): error:  #65: expected a ";"
  {
..\Libraries\CMSIS\Include\core_cm4.h(1703): warning:  #12-D: parsing restarts here after previous syntax error
  extern volatile int32_t ITM_RxBuffer;                    /*!< External variable to receive characters.                         */
..\Libraries\CMSIS\Include\core_cm4.h(1717): error:  #85: invalid storage class for a parameter
  __STATIC_INLINE uint32_t ITM_SendChar (uint32_t ch)
..\Libraries\CMSIS\Include\core_cm4.h(1717): warning:  #85-D: invalid storage class for a parameter
  __STATIC_INLINE uint32_t ITM_SendChar (uint32_t ch)
..\Libraries\CMSIS\Include\core_cm4.h(1717): error:  #99: a declaration here must declare a parameter
  __STATIC_INLINE uint32_t ITM_SendChar (uint32_t ch)
..\Libraries\CMSIS\Include\core_cm4.h: Error:  #325: inline specifier allowed on function declarations only
..\Libraries\CMSIS\Include\core_cm4.h(1717): error:  #655-D: the modifier "__inline" is not allowed on this declaration
  __STATIC_INLINE uint32_t ITM_SendChar (uint32_t ch)
..\Libraries\CMSIS\Include\core_cm4.h(1718): error:  #65: expected a ";"
  {
..\Libraries\CMSIS\Device\ST\STM32F4xx\Include\system_stm32f4xx.h(59): warning:  #12-D: parsing restarts here after previous syntax error
  extern uint32_t SystemCoreClock;          /*!< System Clock Frequency (Core Clock) */
..\Libraries\CMSIS\Device\ST\STM32F4xx\Include\system_stm32f4xx.h(86): error:  #85: invalid storage class for a parameter
  extern void SystemInit(void);
..\Libraries\CMSIS\Device\ST\STM32F4xx\Include\system_stm32f4xx.h(86): error:  #99: a declaration here must declare a parameter
  extern void SystemInit(void);
..\Libraries\CMSIS\Device\ST\STM32F4xx\Include\system_stm32f4xx.h(87): error:  #85: invalid storage class for a parameter
  extern void SystemCoreClockUpdate(void);
..\Libraries\CMSIS\Device\ST\STM32F4xx\Include\system_stm32f4xx.h(87): error:  #99: a declaration here must declare a parameter
  extern void SystemCoreClockUpdate(void);
..\Libraries\CMSIS\Device\ST\STM32F4xx\Include\stm32f4xx.h(478): warning:  #99-D: a declaration here must declare a parameter
  typedef int32_t  s32;
..\Libraries\CMSIS\Device\ST\STM32F4xx\Include\stm32f4xx.h(478): warning:  #231-D: declaration is not visible outside of function
  typedef int32_t  s32;
..\Libraries\CMSIS\Device\ST\STM32F4xx\Include\stm32f4xx.h(479): warning:  #99-D: a declaration here must declare a parameter
  typedef int16_t s16;
..\Libraries\CMSIS\Device\ST\STM32F4xx\Include\stm32f4xx.h(479): warning:  #231-D: declaration is not visible outside of function
  typedef int16_t s16;
..\Libraries\CMSIS\Device\ST\STM32F4xx\Include\stm32f4xx.h(480): warning:  #99-D: a declaration here must declare a parameter
  typedef int8_t  s8;
..\Libraries\CMSIS\Device\ST\STM32F4xx\Include\stm32f4xx.h(480): warning:  #231-D: declaration is not visible outside of function
  typedef int8_t  s8;
..\Libraries\CMSIS\Device\ST\STM32F4xx\Include\stm32f4xx.h(482): warning:  #99-D: a declaration here must declare a parameter
  typedef const int32_t sc32;  /*!< Read Only */
..\Libraries\CMSIS\Device\ST\STM32F4xx\Include\stm32f4xx.h(482): warning:  #231-D: declaration is not visible outside of function
  typedef const int32_t sc32;  /*!< Read Only */
..\Libraries\CMSIS\Device\ST\STM32F4xx\Include\stm32f4xx.h(483): warning:  #99-D: a declaration here must declare a parameter
  typedef const int16_t sc16;  /*!< Read Only */
..\Libraries\CMSIS\Device\ST\STM32F4xx\Include\stm32f4xx.h(483): warning:  #231-D: declaration is not visible outside of function
  typedef const int16_t sc16;  /*!< Read Only */
..\Libraries\CMSIS\Device\ST\STM32F4xx\Include\stm32f4xx.h(484): warning:  #99-D: a declaration here must declare a parameter
  typedef const int8_t sc8;   /*!< Read Only */
..\Libraries\CMSIS\Device\ST\STM32F4xx\Include\stm32f4xx.h(484): warning:  #231-D: declaration is not visible outside of function
  typedef const int8_t sc8;   /*!< Read Only */
..\Libraries\CMSIS\Device\ST\STM32F4xx\Include\stm32f4xx.h(486): warning:  #99-D: a declaration here must declare a parameter
  typedef __IO int32_t  vs32;
..\Libraries\CMSIS\Device\ST\STM32F4xx\Include\stm32f4xx.h(486): warning:  #231-D: declaration is not visible outside of function
  typedef __IO int32_t  vs32;
..\Libraries\CMSIS\Device\ST\STM32F4xx\Include\stm32f4xx.h(487): warning:  #99-D: a declaration here must declare a parameter
  typedef __IO int16_t  vs16;
..\Libraries\CMSIS\Device\ST\STM32F4xx\Include\stm32f4xx.h(487): warning:  #231-D: declaration is not visible outside of function
  typedef __IO int16_t  vs16;
..\Libraries\CMSIS\Device\ST\STM32F4xx\Include\stm32f4xx.h(488): warning:  #99-D: a declaration here must declare a parameter
  typedef __IO int8_t   vs8;
..\Libraries\CMSIS\Device\ST\STM32F4xx\Include\stm32f4xx.h(488): warning:  #231-D: declaration is not visible outside of function
  typedef __IO int8_t   vs8;
..\Libraries\CMSIS\Device\ST\STM32F4xx\Include\stm32f4xx.h(490): warning:  #99-D: a declaration here must declare a parameter
  typedef __I int32_t vsc32;  /*!< Read Only */
..\Libraries\CMSIS\Device\ST\STM32F4xx\Include\stm32f4xx.h(490): warning:  #231-D: declaration is not visible outside of function
  typedef __I int32_t vsc32;  /*!< Read Only */
..\Libraries\CMSIS\Device\ST\STM32F4xx\Include\stm32f4xx.h(491): warning:  #99-D: a declaration here must declare a parameter
  typedef __I int16_t vsc16;  /*!< Read Only */
..\Libraries\CMSIS\Device\ST\STM32F4xx\Include\stm32f4xx.h(491): warning:  #231-D: declaration is not visible outside of function
  typedef __I int16_t vsc16;  /*!< Read Only */
..\Libraries\CMSIS\Device\ST\STM32F4xx\Include\stm32f4xx.h(492): warning:  #99-D: a declaration here must declare a parameter
  typedef __I int8_t vsc8;   /*!< Read Only */
..\Libraries\CMSIS\Device\ST\STM32F4xx\Include\stm32f4xx.h(492): warning:  #231-D: declaration is not visible outside of function
  typedef __I int8_t vsc8;   /*!< Read Only */
..\Libraries\CMSIS\Device\ST\STM32F4xx\Include\stm32f4xx.h(494): warning:  #99-D: a declaration here must declare a parameter
  typedef uint32_t  u32;
..\Libraries\CMSIS\Device\ST\STM32F4xx\Include\stm32f4xx.h(494): warning:  #231-D: declaration is not visible outside of function
  typedef uint32_t  u32;
..\Libraries\CMSIS\Device\ST\STM32F4xx\Include\stm32f4xx.h(495): warning:  #99-D: a declaration here must declare a parameter
  typedef uint16_t u16;
..\Libraries\CMSIS\Device\ST\STM32F4xx\Include\stm32f4xx.h(495): warning:  #231-D: declaration is not visible outside of function
  typedef uint16_t u16;
..\Libraries\CMSIS\Device\ST\STM32F4xx\Include\stm32f4xx.h(496): warning:  #99-D: a declaration here must declare a parameter
  typedef uint8_t  u8;
..\Libraries\CMSIS\Device\ST\STM32F4xx\Include\stm32f4xx.h(496): warning:  #231-D: declaration is not visible outside of function
  typedef uint8_t  u8;
..\Libraries\CMSIS\Device\ST\STM32F4xx\Include\stm32f4xx.h(498): warning:  #99-D: a declaration here must declare a parameter
  typedef const uint32_t uc32;  /*!< Read Only */
..\Libraries\CMSIS\Device\ST\STM32F4xx\Include\stm32f4xx.h(498): warning:  #231-D: declaration is not visible outside of function
  typedef const uint32_t uc32;  /*!< Read Only */
..\Libraries\CMSIS\Device\ST\STM32F4xx\Include\stm32f4xx.h(499): warning:  #99-D: a declaration here must declare a parameter
  typedef const uint16_t uc16;  /*!< Read Only */
..\Libraries\CMSIS\Device\ST\STM32F4xx\Include\stm32f4xx.h(499): warning:  #231-D: declaration is not visible outside of function
  typedef const uint16_t uc16;  /*!< Read Only */
..\Libraries\CMSIS\Device\ST\STM32F4xx\Include\stm32f4xx.h(500): warning:  #99-D: a declaration here must declare a parameter
  typedef const uint8_t uc8;   /*!< Read Only */
..\Libraries\CMSIS\Device\ST\STM32F4xx\Include\stm32f4xx.h(500): warning:  #231-D: declaration is not visible outside of function
  typedef const uint8_t uc8;   /*!< Read Only */
..\Libraries\CMSIS\Device\ST\STM32F4xx\Include\stm32f4xx.h(502): warning:  #99-D: a declaration here must declare a parameter
  typedef __IO uint32_t  vu32;
..\Libraries\CMSIS\Device\ST\STM32F4xx\Include\stm32f4xx.h(502): warning:  #231-D: declaration is not visible outside of function
  typedef __IO uint32_t  vu32;
..\Libraries\CMSIS\Device\ST\STM32F4xx\Include\stm32f4xx.h(503): warning:  #99-D: a declaration here must declare a parameter
  typedef __IO uint16_t vu16;
..\Libraries\CMSIS\Device\ST\STM32F4xx\Include\stm32f4xx.h(503): warning:  #231-D: declaration is not visible outside of function
  typedef __IO uint16_t vu16;
..\Libraries\CMSIS\Device\ST\STM32F4xx\Include\stm32f4xx.h(504): warning:  #99-D: a declaration here must declare a parameter
  typedef __IO uint8_t  vu8;
..\Libraries\CMSIS\Device\ST\STM32F4xx\Include\stm32f4xx.h(504): warning:  #231-D: declaration is not visible outside of function
  typedef __IO uint8_t  vu8;
..\Libraries\CMSIS\Device\ST\STM32F4xx\Include\stm32f4xx.h(506): warning:  #99-D: a declaration here must declare a parameter
  typedef __I uint32_t vuc32;  /*!< Read Only */
..\Libraries\CMSIS\Device\ST\STM32F4xx\Include\stm32f4xx.h(506): warning:  #231-D: declaration is not visible outside of function
  typedef __I uint32_t vuc32;  /*!< Read Only */
..\Libraries\CMSIS\Device\ST\STM32F4xx\Include\stm32f4xx.h(507): warning:  #99-D: a declaration here must declare a parameter
  typedef __I uint16_t vuc16;  /*!< Read Only */
..\Libraries\CMSIS\Device\ST\STM32F4xx\Include\stm32f4xx.h(507): warning:  #231-D: declaration is not visible outside of function
  typedef __I uint16_t vuc16;  /*!< Read Only */
..\Libraries\CMSIS\Device\ST\STM32F4xx\Include\stm32f4xx.h(508): warning:  #99-D: a declaration here must declare a parameter
  typedef __I uint8_t vuc8;   /*!< Read Only */
..\Libraries\CMSIS\Device\ST\STM32F4xx\Include\stm32f4xx.h(508): warning:  #231-D: declaration is not visible outside of function
  typedef __I uint8_t vuc8;   /*!< Read Only */
..\Libraries\CMSIS\Device\ST\STM32F4xx\Include\stm32f4xx.h(510): warning:  #99-D: a declaration here must declare a parameter
  typedef enum {RESET = 0, SET = !RESET} FlagStatus, ITStatus;
..\Libraries\CMSIS\Device\ST\STM32F4xx\Include\stm32f4xx.h(510): warning:  #231-D: declaration is not visible outside of function
  typedef enum {RESET = 0, SET = !RESET} FlagStatus, ITStatus;
..\Libraries\CMSIS\Device\ST\STM32F4xx\Include\stm32f4xx.h(510): warning:  #99-D: a declaration here must declare a parameter
  typedef enum {RESET = 0, SET = !RESET} FlagStatus, ITStatus;
..\Libraries\CMSIS\Device\ST\STM32F4xx\Include\stm32f4xx.h(510): warning:  #231-D: declaration is not visible outside of function
  typedef enum {RESET = 0, SET = !RESET} FlagStatus, ITStatus;
..\Libraries\CMSIS\Device\ST\STM32F4xx\Include\stm32f4xx.h(512): warning:  #99-D: a declaration here must declare a parameter
  typedef enum {DISABLE = 0, ENABLE = !DISABLE} FunctionalState;
..\Libraries\CMSIS\Device\ST\STM32F4xx\Include\stm32f4xx.h(512): warning:  #231-D: declaration is not visible outside of function
  typedef enum {DISABLE = 0, ENABLE = !DISABLE} FunctionalState;
..\Libraries\CMSIS\Device\ST\STM32F4xx\Include\stm32f4xx.h(515): warning:  #99-D: a declaration here must declare a parameter
  typedef enum {ERROR = 0, SUCCESS = !ERROR} ErrorStatus;
..\Libraries\CMSIS\Device\ST\STM32F4xx\Include\stm32f4xx.h(515): warning:  #231-D: declaration is not visible outside of function
  typedef enum {ERROR = 0, SUCCESS = !ERROR} ErrorStatus;
..\Libraries\CMSIS\Device\ST\STM32F4xx\Include\stm32f4xx.h(529): warning:  #99-D: a declaration here must declare a parameter
  typedef struct
..\Libraries\CMSIS\Device\ST\STM32F4xx\Include\stm32f4xx.h(551): warning:  #231-D: declaration is not visible outside of function
  } ADC_TypeDef;
..\Libraries\CMSIS\Device\ST\STM32F4xx\Include\stm32f4xx.h(553): warning:  #99-D: a declaration here must declare a parameter
  typedef struct
..\Libraries\CMSIS\Device\ST\STM32F4xx\Include\stm32f4xx.h(559): warning:  #231-D: declaration is not visible outside of function
  } ADC_Common_TypeDef;
..\Libraries\CMSIS\Device\ST\STM32F4xx\Include\stm32f4xx.h(566): warning:  #99-D: a declaration here must declare a parameter
  typedef struct
..\Libraries\CMSIS\Device\ST\STM32F4xx\Include\stm32f4xx.h(572): warning:  #231-D: declaration is not visible outside of function
  } CAN_TxMailBox_TypeDef;
..\Libraries\CMSIS\Device\ST\STM32F4xx\Include\stm32f4xx.h(578): warning:  #99-D: a declaration here must declare a parameter
  typedef struct
..\Libraries\CMSIS\Device\ST\STM32F4xx\Include\stm32f4xx.h(584): warning:  #231-D: declaration is not visible outside of function
  } CAN_FIFOMailBox_TypeDef;
..\Libraries\CMSIS\Device\ST\STM32F4xx\Include\stm32f4xx.h(590): warning:  #99-D: a declaration here must declare a parameter
  typedef struct
..\Libraries\CMSIS\Device\ST\STM32F4xx\Include\stm32f4xx.h(594): warning:  #231-D: declaration is not visible outside of function
  } CAN_FilterRegister_TypeDef;
..\Libraries\CMSIS\Device\ST\STM32F4xx\Include\stm32f4xx.h(600): warning:  #99-D: a declaration here must declare a parameter
  typedef struct
..\Libraries\CMSIS\Device\ST\STM32F4xx\Include\stm32f4xx.h(624): warning:  #231-D: declaration is not visible outside of function
  } CAN_TypeDef;
..\Libraries\CMSIS\Device\ST\STM32F4xx\Include\stm32f4xx.h(630): warning:  #99-D: a declaration here must declare a parameter
  typedef struct
..\Libraries\CMSIS\Device\ST\STM32F4xx\Include\stm32f4xx.h(637): warning:  #231-D: declaration is not visible outside of function
  } CRC_TypeDef;
..\Libraries\CMSIS\Device\ST\STM32F4xx\Include\stm32f4xx.h(643): warning:  #99-D: a declaration here must declare a parameter
  typedef struct
..\Libraries\CMSIS\Device\ST\STM32F4xx\Include\stm32f4xx.h(659): warning:  #231-D: declaration is not visible outside of function
  } DAC_TypeDef;
..\Libraries\CMSIS\Device\ST\STM32F4xx\Include\stm32f4xx.h(665): warning:  #99-D: a declaration here must declare a parameter
  typedef struct
..\Libraries\CMSIS\Device\ST\STM32F4xx\Include\stm32f4xx.h(671): warning:  #231-D: declaration is not visible outside of function
  }DBGMCU_TypeDef;
..\Libraries\CMSIS\Device\ST\STM32F4xx\Include\stm32f4xx.h(677): warning:  #99-D: a declaration here must declare a parameter
  typedef struct
..\Libraries\CMSIS\Device\ST\STM32F4xx\Include\stm32f4xx.h(690): warning:  #231-D: declaration is not visible outside of function
  } DCMI_TypeDef;
..\Libraries\CMSIS\Device\ST\STM32F4xx\Include\stm32f4xx.h(696): warning:  #99-D: a declaration here must declare a parameter
  typedef struct
..\Libraries\CMSIS\Device\ST\STM32F4xx\Include\stm32f4xx.h(704): warning:  #231-D: declaration is not visible outside of function
  } DMA_Stream_TypeDef;
..\Libraries\CMSIS\Device\ST\STM32F4xx\Include\stm32f4xx.h(706): warning:  #99-D: a declaration here must declare a parameter
  typedef struct
..\Libraries\CMSIS\Device\ST\STM32F4xx\Include\stm32f4xx.h(712): warning:  #231-D: declaration is not visible outside of function
  } DMA_TypeDef;
..\Libraries\CMSIS\Device\ST\STM32F4xx\Include\stm32f4xx.h(718): warning:  #99-D: a declaration here must declare a parameter
  typedef struct
..\Libraries\CMSIS\Device\ST\STM32F4xx\Include\stm32f4xx.h(743): warning:  #231-D: declaration is not visible outside of function
  } DMA2D_TypeDef;
..\Libraries\CMSIS\Device\ST\STM32F4xx\Include\stm32f4xx.h(749): warning:  #99-D: a declaration here must declare a parameter
  typedef struct
..\Libraries\CMSIS\Device\ST\STM32F4xx\Include\stm32f4xx.h(817): warning:  #231-D: declaration is not visible outside of function
  } ETH_TypeDef;
..\Libraries\CMSIS\Device\ST\STM32F4xx\Include\stm32f4xx.h(823): warning:  #99-D: a declaration here must declare a parameter
  typedef struct
..\Libraries\CMSIS\Device\ST\STM32F4xx\Include\stm32f4xx.h(831): warning:  #231-D: declaration is not visible outside of function
  } EXTI_TypeDef;
..\Libraries\CMSIS\Device\ST\STM32F4xx\Include\stm32f4xx.h(837): warning:  #99-D: a declaration here must declare a parameter
  typedef struct
..\Libraries\CMSIS\Device\ST\STM32F4xx\Include\stm32f4xx.h(846): warning:  #231-D: declaration is not visible outside of function
  } FLASH_TypeDef;
..\Libraries\CMSIS\Device\ST\STM32F4xx\Include\stm32f4xx.h(853): warning:  #99-D: a declaration here must declare a parameter
  typedef struct
..\Libraries\CMSIS\Device\ST\STM32F4xx\Include\stm32f4xx.h(856): warning:  #231-D: declaration is not visible outside of function
  } FSMC_Bank1_TypeDef; 
..\Libraries\CMSIS\Device\ST\STM32F4xx\Include\stm32f4xx.h(862): warning:  #99-D: a declaration here must declare a parameter
  typedef struct
..\Libraries\CMSIS\Device\ST\STM32F4xx\Include\stm32f4xx.h(865): warning:  #231-D: declaration is not visible outside of function
  } FSMC_Bank1E_TypeDef;
..\Libraries\CMSIS\Device\ST\STM32F4xx\Include\stm32f4xx.h(871): warning:  #99-D: a declaration here must declare a parameter
  typedef struct
..\Libraries\CMSIS\Device\ST\STM32F4xx\Include\stm32f4xx.h(879): warning:  #231-D: declaration is not visible outside of function
  } FSMC_Bank2_TypeDef;
..\Libraries\CMSIS\Device\ST\STM32F4xx\Include\stm32f4xx.h(885): warning:  #99-D: a declaration here must declare a parameter
  typedef struct
..\Libraries\CMSIS\Device\ST\STM32F4xx\Include\stm32f4xx.h(893): warning:  #231-D: declaration is not visible outside of function
  } FSMC_Bank3_TypeDef;
..\Libraries\CMSIS\Device\ST\STM32F4xx\Include\stm32f4xx.h(899): warning:  #99-D: a declaration here must declare a parameter
  typedef struct
..\Libraries\CMSIS\Device\ST\STM32F4xx\Include\stm32f4xx.h(906): warning:  #231-D: declaration is not visible outside of function
  } FSMC_Bank4_TypeDef; 
..\Libraries\CMSIS\Device\ST\STM32F4xx\Include\stm32f4xx.h(987): warning:  #99-D: a declaration here must declare a parameter
  typedef struct
..\Libraries\CMSIS\Device\ST\STM32F4xx\Include\stm32f4xx.h(999): warning:  #231-D: declaration is not visible outside of function
  } GPIO_TypeDef;
..\Libraries\CMSIS\Device\ST\STM32F4xx\Include\stm32f4xx.h(1005): warning:  #99-D: a declaration here must declare a parameter
  typedef struct
..\Libraries\CMSIS\Device\ST\STM32F4xx\Include\stm32f4xx.h(1012): warning:  #231-D: declaration is not visible outside of function
  } SYSCFG_TypeDef;
..\Libraries\CMSIS\Device\ST\STM32F4xx\Include\stm32f4xx.h(1018): warning:  #99-D: a declaration here must declare a parameter
  typedef struct
..\Libraries\CMSIS\Device\ST\STM32F4xx\Include\stm32f4xx.h(1040): warning:  #231-D: declaration is not visible outside of function
  } I2C_TypeDef;
..\Libraries\CMSIS\Device\ST\STM32F4xx\Include\stm32f4xx.h(1046): warning:  #99-D: a declaration here must declare a parameter
  typedef struct
..\Libraries\CMSIS\Device\ST\STM32F4xx\Include\stm32f4xx.h(1052): warning:  #231-D: declaration is not visible outside of function
  } IWDG_TypeDef;
..\Libraries\CMSIS\Device\ST\STM32F4xx\Include\stm32f4xx.h(1058): warning:  #99-D: a declaration here must declare a parameter
  typedef struct
..\Libraries\CMSIS\Device\ST\STM32F4xx\Include\stm32f4xx.h(1077): warning:  #231-D: declaration is not visible outside of function
  } LTDC_TypeDef;  
..\Libraries\CMSIS\Device\ST\STM32F4xx\Include\stm32f4xx.h(1083): warning:  #99-D: a declaration here must declare a parameter
  typedef struct
..\Libraries\CMSIS\Device\ST\STM32F4xx\Include\stm32f4xx.h(1100): warning:  #231-D: declaration is not visible outside of function
  } LTDC_Layer_TypeDef;
..\Libraries\CMSIS\Device\ST\STM32F4xx\Include\stm32f4xx.h(1106): warning:  #99-D: a declaration here must declare a parameter
  typedef struct
..\Libraries\CMSIS\Device\ST\STM32F4xx\Include\stm32f4xx.h(1110): warning:  #231-D: declaration is not visible outside of function
  } PWR_TypeDef;
..\Libraries\CMSIS\Device\ST\STM32F4xx\Include\stm32f4xx.h(1116): warning:  #99-D: a declaration here must declare a parameter
  typedef struct
..\Libraries\CMSIS\Device\ST\STM32F4xx\Include\stm32f4xx.h(1151): warning:  #231-D: declaration is not visible outside of function
  } RCC_TypeDef;
..\Libraries\CMSIS\Device\ST\STM32F4xx\Include\stm32f4xx.h(1157): warning:  #99-D: a declaration here must declare a parameter
  typedef struct
..\Libraries\CMSIS\Device\ST\STM32F4xx\Include\stm32f4xx.h(1199): warning:  #231-D: declaration is not visible outside of function
  } RTC_TypeDef;
..\Libraries\CMSIS\Device\ST\STM32F4xx\Include\stm32f4xx.h(1206): warning:  #99-D: a declaration here must declare a parameter
  typedef struct
..\Libraries\CMSIS\Device\ST\STM32F4xx\Include\stm32f4xx.h(1209): warning:  #231-D: declaration is not visible outside of function
  } SAI_TypeDef;
..\Libraries\CMSIS\Device\ST\STM32F4xx\Include\stm32f4xx.h(1211): warning:  #99-D: a declaration here must declare a parameter
  typedef struct
..\Libraries\CMSIS\Device\ST\STM32F4xx\Include\stm32f4xx.h(1221): warning:  #231-D: declaration is not visible outside of function
  } SAI_Block_TypeDef;
..\Libraries\CMSIS\Device\ST\STM32F4xx\Include\stm32f4xx.h(1227): warning:  #99-D: a declaration here must declare a parameter
  typedef struct
..\Libraries\CMSIS\Device\ST\STM32F4xx\Include\stm32f4xx.h(1249): warning:  #231-D: declaration is not visible outside of function
  } SDIO_TypeDef;
..\Libraries\CMSIS\Device\ST\STM32F4xx\Include\stm32f4xx.h(1255): warning:  #99-D: a declaration here must declare a parameter
  typedef struct
..\Libraries\CMSIS\Device\ST\STM32F4xx\Include\stm32f4xx.h(1275): warning:  #231-D: declaration is not visible outside of function
  } SPI_TypeDef;
..\Libraries\CMSIS\Device\ST\STM32F4xx\Include\stm32f4xx.h(1281): warning:  #99-D: a declaration here must declare a parameter
  typedef struct
..\Libraries\CMSIS\Device\ST\STM32F4xx\Include\stm32f4xx.h(1319): warning:  #231-D: declaration is not visible outside of function
  } TIM_TypeDef;
..\Libraries\CMSIS\Device\ST\STM32F4xx\Include\stm32f4xx.h(1325): warning:  #99-D: a declaration here must declare a parameter
  typedef struct
..\Libraries\CMSIS\Device\ST\STM32F4xx\Include\stm32f4xx.h(1341): warning:  #231-D: declaration is not visible outside of function
  } USART_TypeDef;
..\Libraries\CMSIS\Device\ST\STM32F4xx\Include\stm32f4xx.h(1347): warning:  #99-D: a declaration here must declare a parameter
  typedef struct
..\Libraries\CMSIS\Device\ST\STM32F4xx\Include\stm32f4xx.h(1352): warning:  #231-D: declaration is not visible outside of function
  } WWDG_TypeDef;
..\Libraries\CMSIS\Device\ST\STM32F4xx\Include\stm32f4xx.h(1358): warning:  #99-D: a declaration here must declare a parameter
  typedef struct
..\Libraries\CMSIS\Device\ST\STM32F4xx\Include\stm32f4xx.h(1396): warning:  #231-D: declaration is not visible outside of function
  } CRYP_TypeDef;
..\Libraries\CMSIS\Device\ST\STM32F4xx\Include\stm32f4xx.h(1402): warning:  #99-D: a declaration here must declare a parameter
  typedef struct 
..\Libraries\CMSIS\Device\ST\STM32F4xx\Include\stm32f4xx.h(1412): warning:  #231-D: declaration is not visible outside of function
  } HASH_TypeDef;
..\Libraries\CMSIS\Device\ST\STM32F4xx\Include\stm32f4xx.h(1418): warning:  #99-D: a declaration here must declare a parameter
  typedef struct 
..\Libraries\CMSIS\Device\ST\STM32F4xx\Include\stm32f4xx.h(1421): warning:  #231-D: declaration is not visible outside of function
  } HASH_DIGEST_TypeDef;
..\Libraries\CMSIS\Device\ST\STM32F4xx\Include\stm32f4xx.h(1427): warning:  #99-D: a declaration here must declare a parameter
  typedef struct 
..\Libraries\CMSIS\Device\ST\STM32F4xx\Include\stm32f4xx.h(1432): warning:  #231-D: declaration is not visible outside of function
  } RNG_TypeDef;
..\Libraries\STM32F4xx_StdPeriph_Driver\inc\stm32f4xx_adc.h(53): warning:  #99-D: a declaration here must declare a parameter
  typedef struct
..\Libraries\STM32F4xx_StdPeriph_Driver\inc\stm32f4xx_adc.h(79): warning:  #231-D: declaration is not visible outside of function
  }ADC_InitTypeDef;
..\Libraries\STM32F4xx_StdPeriph_Driver\inc\stm32f4xx_adc.h(84): warning:  #99-D: a declaration here must declare a parameter
  typedef struct 
..\Libraries\STM32F4xx_StdPeriph_Driver\inc\stm32f4xx_adc.h(100): warning:  #231-D: declaration is not visible outside of function
  }ADC_CommonInitTypeDef;
..\Libraries\STM32F4xx_StdPeriph_Driver\inc\stm32f4xx_adc.h(589): error:  #99: a declaration here must declare a parameter
  void ADC_DeInit(void);
..\Libraries\STM32F4xx_StdPeriph_Driver\inc\stm32f4xx_adc.h(592): error:  #99: a declaration here must declare a parameter
  void ADC_Init(ADC_TypeDef* ADCx, ADC_InitTypeDef* ADC_InitStruct);
..\Libraries\STM32F4xx_StdPeriph_Driver\inc\stm32f4xx_adc.h(593): error:  #99: a declaration here must declare a parameter
  void ADC_StructInit(ADC_InitTypeDef* ADC_InitStruct);
..\Libraries\STM32F4xx_StdPeriph_Driver\inc\stm32f4xx_adc.h(594): error:  #99: a declaration here must declare a parameter
  void ADC_CommonInit(ADC_CommonInitTypeDef* ADC_CommonInitStruct);
..\Libraries\STM32F4xx_StdPeriph_Driver\inc\stm32f4xx_adc.h(595): error:  #99: a declaration here must declare a parameter
  void ADC_CommonStructInit(ADC_CommonInitTypeDef* ADC_CommonInitStruct);
..\Libraries\STM32F4xx_StdPeriph_Driver\inc\stm32f4xx_adc.h(596): error:  #99: a declaration here must declare a parameter
  void ADC_Cmd(ADC_TypeDef* ADCx, FunctionalState NewState);
..\Libraries\STM32F4xx_StdPeriph_Driver\inc\stm32f4xx_adc.h(599): error:  #99: a declaration here must declare a parameter
  void ADC_AnalogWatchdogCmd(ADC_TypeDef* ADCx, uint32_t ADC_AnalogWatchdog);
..\Libraries\STM32F4xx_StdPeriph_Driver\inc\stm32f4xx_adc.h(600): error:  #99: a declaration here must declare a parameter
  void ADC_AnalogWatchdogThresholdsConfig(ADC_TypeDef* ADCx, uint16_t HighThreshold,uint16_t LowThreshold);
..\Libraries\STM32F4xx_StdPeriph_Driver\inc\stm32f4xx_adc.h(601): error:  #99: a declaration here must declare a parameter
  void ADC_AnalogWatchdogSingleChannelConfig(ADC_TypeDef* ADCx, uint8_t ADC_Channel);
..\Sources\main.c: 178 warnings, 30 errors
".\Objects\OpticalWB.axf" - 30 Error(s), 178 Warning(s).

<h2>Software Packages used:</h2>

Package Vendor: ARM
                http://www.keil.com/pack/ARM.CMSIS.4.2.0.pack
                ::CMSIS:RTOS:1.0 (API)
                CMSIS (Cortex Microcontroller Software Interface Standard)
   * Component: RTOS Version: 1.0
   * Component: CORE Version: 3.40.0
   * Component: Keil RTX Version: 4.75.0

Package Vendor: Keil
                http://www.keil.com/pack/Keil.STM32F4xx_DFP.2.3.0.pack
                Keil::Device:Startup:2.1.0
                STMicroelectronics STM32F4 Series Device Support, Drivers and Examples
   * Component: Startup Version: 2.1.0

<h2>Collection of Component include folders:</h2>
  F:\WORK\SOURSE\SORCES\New_OWB\MDK-ARM\RTE
  C:\Keil_v5\ARM\PACK\ARM\CMSIS\4.2.0\CMSIS\Include
  C:\Keil_v5\ARM\PACK\ARM\CMSIS\4.2.0\CMSIS_RTX\INC
  C:\Keil_v5\ARM\PACK\Keil\STM32F4xx_DFP\2.3.0\Drivers\CMSIS\Device\ST\STM32F4xx\Include

<h2>Collection of Component Files used:</h2>

   * Component: ::CMSIS:RTOS:1.0 (API)

   * Component: ARM::CMSIS:CORE:3.40.0
      Source file:   CMSIS\UserCodeTemplates\ARM\ITM_Retarget.c

   * Component: ARM::CMSIS:RTOS:Keil RTX:4.75.0
      Include file:  CMSIS_RTX\INC\cmsis_os.h
      Source file:   CMSIS_RTX\Templates\RTX_Conf_CM.c
      Include file:  CMSIS_RTX\UserCodeTemplates\osObjects.h
      Source file:   CMSIS_RTX\UserCodeTemplates\main.c
      Source file:   CMSIS_RTX\UserCodeTemplates\MailQueue.c
      Source file:   CMSIS_RTX\UserCodeTemplates\MemPool.c
      Source file:   CMSIS_RTX\UserCodeTemplates\MsgQueue.c
      Source file:   CMSIS_RTX\UserCodeTemplates\Mutex.c
      Source file:   CMSIS_RTX\UserCodeTemplates\Semaphore.c
      Source file:   CMSIS_RTX\UserCodeTemplates\Thread.c
      Source file:   CMSIS_RTX\UserCodeTemplates\Timer.c
      Source file:   CMSIS_RTX\SRC\ARM\SVC_Table.s
      Library file:  CMSIS_RTX\LIB\ARM\RTX_CM4.lib

   * Component: Keil::Device:Startup:2.1.0
      Source file:   MDK\Device\Source\ARM\STM32F40xxx_41xxx_OPT.s
      Source file:   MDK\Device\Source\ARM\STM32F4xx_OTP.s
      Include file:  Drivers\CMSIS\Device\ST\STM32F4xx\Include\stm32f4xx.h
      Source file:   Drivers\CMSIS\Device\ST\STM32F4xx\Source\Templates\arm\startup_stm32f407xx.s
      Source file:   MDK\Device\Source\ARM\system_stm32f4xx.c
Target not created.
(SPIx));
..\Libraries\STM32F4xx_StdPeriph_Driver\src\stm32f4xx_spi.c(1129): warning:  #223-D: function "assert_param" declared implicitly
    assert_param(IS_SPI_ALL_PERIPH_EXT(SPIx));
..\Libraries\STM32F4xx_StdPeriph_Driver\src\stm32f4xx_spi.c(1172): warning:  #223-D: function "assert_param" declared implicitly
    assert_param(IS_SPI_ALL_PERIPH_EXT(SPIx));
..\Libraries\STM32F4xx_StdPeriph_Driver\src\stm32f4xx_spi.c(1212): warning:  #223-D: function "assert_param" declared implicitly
    assert_param(IS_SPI_ALL_PERIPH_EXT(SPIx));
..\Libraries\STM32F4xx_StdPeriph_Driver\src\stm32f4xx_spi.c(1240): warning:  #223-D: function "assert_param" declared implicitly
    assert_param(IS_SPI_ALL_PERIPH_EXT(SPIx));
..\Libraries\STM32F4xx_StdPeriph_Driver\src\stm32f4xx_spi.c(1293): warning:  #223-D: function "assert_param" declared implicitly
    assert_param(IS_SPI_ALL_PERIPH_EXT(SPIx));
..\Libraries\STM32F4xx_StdPeriph_Driver\src\stm32f4xx_spi.c: 23 warnings, 0 errors
compiling stm32f4xx_tim.c...
..\Libraries\STM32F4xx_StdPeriph_Driver\src\stm32f4xx_tim.c(203): warning:  #223-D: function "assert_param" declared implicitly
    assert_param(IS_TIM_ALL_PERIPH(TIMx)); 
..\Libraries\STM32F4xx_StdPeriph_Driver\src\stm32f4xx_tim.c(293): warning:  #223-D: function "assert_param" declared implicitly
    assert_param(IS_TIM_ALL_PERIPH(TIMx)); 
..\Libraries\STM32F4xx_StdPeriph_Driver\src\stm32f4xx_tim.c(363): warning:  #223-D: function "assert_param" declared implicitly
    assert_param(IS_TIM_ALL_PERIPH(TIMx));
..\Libraries\STM32F4xx_StdPeriph_Driver\src\stm32f4xx_tim.c(388): warning:  #223-D: function "assert_param" declared implicitly
    assert_param(IS_TIM_LIST3_PERIPH(TIMx));
..\Libraries\STM32F4xx_StdPeriph_Driver\src\stm32f4xx_tim.c(412): warning:  #223-D: function "assert_param" declared implicitly
     assert_param(IS_TIM_ALL_PERIPH(TIMx));
..\Libraries\STM32F4xx_StdPeriph_Driver\src\stm32f4xx_tim.c(427): warning:  #223-D: function "assert_param" declared implicitly
    assert_param(IS_TIM_ALL_PERIPH(TIMx));
..\Libraries\STM32F4xx_StdPeriph_Driver\src\stm32f4xx_tim.c(441): warning:  #223-D: function "assert_param" declared implicitly
    assert_param(IS_TIM_ALL_PERIPH(TIMx));
..\Libraries\STM32F4xx_StdPeriph_Driver\src\stm32f4xx_tim.c(455): warning:  #223-D: function "assert_param" declared implicitly
    assert_param(IS_TIM_ALL_PERIPH(TIMx));
..\Libraries\STM32F4xx_StdPeriph_Driver\src\stm32f4xx_tim.c(471): warning:  #223-D: function "assert_param" declared implicitly
    assert_param(IS_TIM_ALL_PERIPH(TIMx));
..\Libraries\STM32F4xx_StdPeriph_Driver\src\stm32f4xx_tim.c(500): warning:  #223-D: function "assert_param" declared implicitly
    assert_param(IS_TIM_ALL_PERIPH(TIMx));
..\Libraries\STM32F4xx_StdPeriph_Driver\src\stm32f4xx_tim.c(525): warning:  #223-D: function "assert_param" declared implicitly
    assert_param(IS_TIM_ALL_PERIPH(TIMx));
..\Libraries\STM32F4xx_StdPeriph_Driver\src\stm32f4xx_tim.c(552): warning:  #223-D: function "assert_param" declared implicitly
    assert_param(IS_TIM_ALL_PERIPH(TIMx));
..\Libraries\STM32F4xx_StdPeriph_Driver\src\stm32f4xx_tim.c(575): warning:  #223-D: function "assert_param" declared implicitly
    assert_param(IS_TIM_LIST1_PERIPH(TIMx));
..\Libraries\STM32F4xx_StdPeriph_Driver\src\stm32f4xx_tim.c(595): warning:  #223-D: function "assert_param" declared implicitly
    assert_param(IS_TIM_ALL_PERIPH(TIMx)); 
..\Libraries\STM32F4xx_StdPeriph_Driver\src\stm32f4xx_tim.c(678): warning:  #223-D: function "assert_param" declared implicitly
    assert_param(IS_TIM_LIST1_PERIPH(TIMx)); 
..\Libraries\STM32F4xx_StdPeriph_Driver\src\stm32f4xx_tim.c(759): warning:  #223-D: function "assert_param" declared implicitly
    assert_param(IS_TIM_LIST2_PERIPH(TIMx)); 
..\Libraries\STM32F4xx_StdPeriph_Driver\src\stm32f4xx_tim.c(840): warning:  #223-D: function "assert_param" declared implicitly
    assert_param(IS_TIM_LIST3_PERIPH(TIMx)); 
..\Libraries\STM32F4xx_StdPeriph_Driver\src\stm32f4xx_tim.c(920): warning:  #223-D: function "assert_param" declared implicitly
    assert_param(IS_TIM_LIST3_PERIPH(TIMx)); 
..\Libraries\STM32F4xx_StdPeriph_Driver\src\stm32f4xx_tim.c(1020): warning:  #223-D: function "assert_param" declared implicitly
    assert_param(IS_TIM_LIST1_PERIPH(TIMx));
..\Libraries\STM32F4xx_StdPeriph_Driver\src\stm32f4xx_tim.c(1063): warning:  #223-D: function "assert_param" declared implicitly
    assert_param(IS_TIM_LIST1_PERIPH(TIMx));
..\Libraries\STM32F4xx_StdPeriph_Driver\src\stm32f4xx_tim.c(1079): warning:  #223-D: function "assert_param" declared implicitly
    assert_param(IS_TIM_LIST2_PERIPH(TIMx));
..\Libraries\STM32F4xx_StdPeriph_Driver\src\stm32f4xx_tim.c(1094): warning:  #223-D: function "assert_param" declared implicitly
    assert_param(IS_TIM_LIST3_PERIPH(TIMx));
..\Libraries\STM32F4xx_StdPeriph_Driver\src\stm32f4xx_tim.c(1109): warning:  #223-D: function "assert_param" declared implicitly
    assert_param(IS_TIM_LIST3_PERIPH(TIMx));
..\Libraries\STM32F4xx_StdPeriph_Driver\src\stm32f4xx_tim.c(1129): warning:  #223-D: function "assert_param" declared implicitly
    assert_param(IS_TIM_LIST1_PERIPH(TIMx));
..\Libraries\STM32F4xx_StdPeriph_Driver\src\stm32f4xx_tim.c(1158): warning:  #223-D: function "assert_param" declared implicitly
    assert_param(IS_TIM_LIST2_PERIPH(TIMx));
..\Libraries\STM32F4xx_StdPeriph_Driver\src\stm32f4xx_tim.c(1186): warning:  #223-D: function "assert_param" declared implicitly
    assert_param(IS_TIM_LIST3_PERIPH(TIMx));
..\Libraries\STM32F4xx_StdPeriph_Driver\src\stm32f4xx_tim.c(1215): warning:  #223-D: function "assert_param" declared implicitly
    assert_param(IS_TIM_LIST3_PERIPH(TIMx));
..\Libraries\STM32F4xx_StdPeriph_Driver\src\stm32f4xx_tim.c(1243): warning:  #223-D: function "assert_param" declared implicitly
    assert_param(IS_TIM_LIST1_PERIPH(TIMx));
..\Libraries\STM32F4xx_StdPeriph_Driver\src\stm32f4xx_tim.c(1273): warning:  #223-D: function "assert_param" declared implicitly
    assert_param(IS_TIM_LIST2_PERIPH(TIMx));
..\Libraries\STM32F4xx_StdPeriph_Driver\src\stm32f4xx_tim.c(1302): warning:  #223-D: function "assert_param" declared implicitly
    assert_param(IS_TIM_LIST3_PERIPH(TIMx));
..\Libraries\STM32F4xx_StdPeriph_Driver\src\stm32f4xx_tim.c(1331): warning:  #223-D: function "assert_param" declared implicitly
    assert_param(IS_TIM_LIST3_PERIPH(TIMx));
..\Libraries\STM32F4xx_StdPeriph_Driver\src\stm32f4xx_tim.c(1360): warning:  #223-D: function "assert_param" declared implicitly
    assert_param(IS_TIM_LIST1_PERIPH(TIMx));
..\Libraries\STM32F4xx_StdPeriph_Driver\src\stm32f4xx_tim.c(1391): warning:  #223-D: function "assert_param" declared implicitly
    assert_param(IS_TIM_LIST2_PERIPH(TIMx));
..\Libraries\STM32F4xx_StdPeriph_Driver\src\stm32f4xx_tim.c(1421): warning:  #223-D: function "assert_param" declared implicitly
    assert_param(IS_TIM_LIST3_PERIPH(TIMx));
..\Libraries\STM32F4xx_StdPeriph_Driver\src\stm32f4xx_tim.c(1451): warning:  #223-D: function "assert_param" declared implicitly
    assert_param(IS_TIM_LIST3_PERIPH(TIMx));
..\Libraries\STM32F4xx_StdPeriph_Driver\src\stm32f4xx_tim.c(1481): warning:  #223-D: function "assert_param" declared implicitly
    assert_param(IS_TIM_LIST1_PERIPH(TIMx));
..\Libraries\STM32F4xx_StdPeriph_Driver\src\stm32f4xx_tim.c(1511): warning:  #223-D: function "assert_param" declared implicitly
    assert_param(IS_TIM_LIST2_PERIPH(TIMx));
..\Libraries\STM32F4xx_StdPeriph_Driver\src\stm32f4xx_tim.c(1540): warning:  #223-D: function "assert_param" declared implicitly
    assert_param(IS_TIM_LIST3_PERIPH(TIMx));
..\Libraries\STM32F4xx_StdPeriph_Driver\src\stm32f4xx_tim.c(1569): warning:  #223-D: function "assert_param" declared implicitly
    assert_param(IS_TIM_LIST3_PERIPH(TIMx));
..\Libraries\STM32F4xx_StdPeriph_Driver\src\stm32f4xx_tim.c(1598): warning:  #223-D: function "assert_param" declared implicitly
    assert_param(IS_TIM_LIST1_PERIPH(TIMx));
..\Libraries\STM32F4xx_StdPeriph_Driver\src\stm32f4xx_tim.c(1624): warning:  #223-D: function "assert_param" declared implicitly
    assert_param(IS_TIM_LIST4_PERIPH(TIMx));
..\Libraries\STM32F4xx_StdPeriph_Driver\src\stm32f4xx_tim.c(1652): warning:  #223-D: function "assert_param" declared implicitly
    assert_param(IS_TIM_LIST2_PERIPH(TIMx));
..\Libraries\STM32F4xx_StdPeriph_Driver\src\stm32f4xx_tim.c(1679): warning:  #223-D: function "assert_param" declared implicitly
    assert_param(IS_TIM_LIST4_PERIPH(TIMx));
..\Libraries\STM32F4xx_StdPeriph_Driver\src\stm32f4xx_tim.c(1706): warning:  #223-D: function "assert_param" declared implicitly
    assert_param(IS_TIM_LIST3_PERIPH(TIMx));
..\Libraries\STM32F4xx_StdPeriph_Driver\src\stm32f4xx_tim.c(1733): warning:  #223-D: function "assert_param" declared implicitly
    assert_param(IS_TIM_LIST4_PERIPH(TIMx));
..\Libraries\STM32F4xx_StdPeriph_Driver\src\stm32f4xx_tim.c(1760): warning:  #223-D: function "assert_param" declared implicitly
    assert_param(IS_TIM_LIST3_PERIPH(TIMx));
..\Libraries\STM32F4xx_StdPeriph_Driver\src\stm32f4xx_tim.c(1791): warning:  #223-D: function "assert_param" declared implicitly
    assert_param(IS_TIM_LIST1_PERIPH(TIMx)); 
..\Libraries\STM32F4xx_StdPeriph_Driver\src\stm32f4xx_tim.c(1821): warning:  #223-D: function "assert_param" declared implicitly
    assert_param(IS_TIM_LIST4_PERIPH(TIMx));
..\Libraries\STM32F4xx_StdPeriph_Driver\src\stm32f4xx_tim.c(1903): warning:  #223-D: function "assert_param" declared implicitly
    assert_param(IS_TIM_LIST1_PERIPH(TIMx));
..\Libraries\STM32F4xx_StdPeriph_Driver\src\stm32f4xx_tim.c(1981): warning:  #223-D: function "assert_param" declared implicitly
    assert_param(IS_TIM_LIST2_PERIPH(TIMx));
..\Libraries\STM32F4xx_StdPeriph_Driver\src\stm32f4xx_tim.c(2035): warning:  #223-D: function "assert_param" declared implicitly
    assert_param(IS_TIM_LIST1_PERIPH(TIMx));
..\Libraries\STM32F4xx_StdPeriph_Driver\src\stm32f4xx_tim.c(2050): warning:  #223-D: function "assert_param" declared implicitly
    assert_param(IS_TIM_LIST2_PERIPH(TIMx));
..\Libraries\STM32F4xx_StdPeriph_Driver\src\stm32f4xx_tim.c(2064): warning:  #223-D: function "assert_param" declared implicitly
    assert_param(IS_TIM_LIST3_PERIPH(TIMx)); 
..\Libraries\STM32F4xx_StdPeriph_Driver\src\stm32f4xx_tim.c(2078): warning:  #223-D: function "assert_param" declared implicitly
    assert_param(IS_TIM_LIST3_PERIPH(TIMx));
..\Libraries\STM32F4xx_StdPeriph_Driver\src\stm32f4xx_tim.c(2098): warning:  #223-D: function "assert_param" declared implicitly
    assert_param(IS_TIM_LIST1_PERIPH(TIMx));
..\Libraries\STM32F4xx_StdPeriph_Driver\src\stm32f4xx_tim.c(2123): warning:  #223-D: function "assert_param" declared implicitly
    assert_param(IS_TIM_LIST2_PERIPH(TIMx));
..\Libraries\STM32F4xx_StdPeriph_Driver\src\stm32f4xx_tim.c(2147): warning:  #223-D: function "assert_param" declared implicitly
    assert_param(IS_TIM_LIST3_PERIPH(TIMx));
..\Libraries\STM32F4xx_StdPeriph_Driver\src\stm32f4xx_tim.c(2171): warning:  #223-D: function "assert_param" declared implicitly
    assert_param(IS_TIM_LIST3_PERIPH(TIMx));
..\Libraries\STM32F4xx_StdPeriph_Driver\src\stm32f4xx_tim.c(2224): warning:  #223-D: function "assert_param" declared implicitly
    assert_param(IS_TIM_LIST4_PERIPH(TIMx));
..\Libraries\STM32F4xx_StdPeriph_Driver\src\stm32f4xx_tim.c(2268): warning:  #223-D: function "assert_param" declared implicitly
    assert_param(IS_TIM_LIST4_PERIPH(TIMx));
..\Libraries\STM32F4xx_StdPeriph_Driver\src\stm32f4xx_tim.c(2293): warning:  #223-D: function "assert_param" declared implicitly
    assert_param(IS_TIM_LIST4_PERIPH(TIMx));
..\Libraries\STM32F4xx_StdPeriph_Driver\src\stm32f4xx_tim.c(2318): warning:  #223-D: function "assert_param" declared implicitly
    assert_param(IS_TIM_LIST4_PERIPH(TIMx));
..\Libraries\STM32F4xx_StdPeriph_Driver\src\stm32f4xx_tim.c(2375): warning:  #223-D: function "assert_param" declared implicitly
    assert_param(IS_TIM_ALL_PERIPH(TIMx));
..\Libraries\STM32F4xx_StdPeriph_Driver\src\stm32f4xx_tim.c(2413): warning:  #223-D: function "assert_param" declared implicitly
    assert_param(IS_TIM_ALL_PERIPH(TIMx));
..\Libraries\STM32F4xx_StdPeriph_Driver\src\stm32f4xx_tim.c(2447): warning:  #223-D: function "assert_param" declared implicitly
    assert_param(IS_TIM_ALL_PERIPH(TIMx));
..\Libraries\STM32F4xx_StdPeriph_Driver\src\stm32f4xx_tim.c(2488): warning:  #223-D: function "assert_param" declared implicitly
    assert_param(IS_TIM_ALL_PERIPH(TIMx));
..\Libraries\STM32F4xx_StdPeriph_Driver\src\stm32f4xx_tim.c(2518): warning:  #223-D: function "assert_param" declared implicitly
    assert_param(IS_TIM_ALL_PERIPH(TIMx));
..\Libraries\STM32F4xx_StdPeriph_Driver\src\stm32f4xx_tim.c(2557): warning:  #223-D: function "assert_param" declared implicitly
    assert_param(IS_TIM_ALL_PERIPH(TIMx));
..\Libraries\STM32F4xx_StdPeriph_Driver\src\stm32f4xx_tim.c(2594): warning:  #223-D: function "assert_param" declared implicitly
    assert_param(IS_TIM_LIST3_PERIPH(TIMx));
..\Libraries\STM32F4xx_StdPeriph_Driver\src\stm32f4xx_tim.c(2621): warning:  #223-D: function "assert_param" declared implicitly
    assert_param(IS_TIM_LIST5_PERIPH(TIMx)); 
..\Libraries\STM32F4xx_StdPeriph_Driver\src\stm32f4xx_tim.c(2647): warning:  #223-D: function "assert_param" declared implicitly
    assert_param(IS_TIM_LIST3_PERIPH(TIMx));
..\Libraries\STM32F4xx_StdPeriph_Driver\src\stm32f4xx_tim.c(2686): warning:  #223-D: function "assert_param" declared implicitly
    assert_param(IS_TIM_LIST2_PERIPH(TIMx));
..\Libraries\STM32F4xx_StdPeriph_Driver\src\stm32f4xx_tim.c(2707): warning:  #223-D: function "assert_param" declared implicitly
    assert_param(IS_TIM_LIST2_PERIPH(TIMx));
..\Libraries\STM32F4xx_StdPeriph_Driver\src\stm32f4xx_tim.c(2738): warning:  #223-D: function "assert_param" declared implicitly
    assert_param(IS_TIM_LIST1_PERIPH(TIMx));
..\Libraries\STM32F4xx_StdPeriph_Driver\src\stm32f4xx_tim.c(2780): warning:  #223-D: function "assert_param" declared implicitly
    assert_param(IS_TIM_LIST3_PERIPH(TIMx));
..\Libraries\STM32F4xx_StdPeriph_Driver\src\stm32f4xx_tim.c(2825): warning:  #223-D: function "assert_param" declared implicitly
    assert_param(IS_TIM_LIST3_PERIPH(TIMx));
..\Libraries\STM32F4xx_StdPeriph_Driver\src\stm32f4xx_tim.c(2897): warning:  #223-D: function "assert_param" declared implicitly
    assert_param(IS_TIM_LIST1_PERIPH(TIMx)); 
..\Libraries\STM32F4xx_StdPeriph_Driver\src\stm32f4xx_tim.c(2938): warning:  #223-D: function "assert_param" declared implicitly
    assert_param(IS_TIM_LIST5_PERIPH(TIMx));
..\Libraries\STM32F4xx_StdPeriph_Driver\src\stm32f4xx_tim.c(2962): warning:  #223-D: function "assert_param" declared implicitly
    assert_param(IS_TIM_LIST2_PERIPH(TIMx));
..\Libraries\STM32F4xx_StdPeriph_Driver\src\stm32f4xx_tim.c(2985): warning:  #223-D: function "assert_param" declared implicitly
    assert_param(IS_TIM_LIST2_PERIPH(TIMx));
..\Libraries\STM32F4xx_StdPeriph_Driver\src\stm32f4xx_tim.c(3018): warning:  #223-D: function "assert_param" declared implicitly
    assert_param(IS_TIM_LIST3_PERIPH(TIMx));
..\Libraries\STM32F4xx_StdPeriph_Driver\src\stm32f4xx_tim.c(3078): warning:  #223-D: function "assert_param" declared implicitly
    assert_param(IS_TIM_LIST2_PERIPH(TIMx));
..\Libraries\STM32F4xx_StdPeriph_Driver\src\stm32f4xx_tim.c(3125): warning:  #223-D: function "assert_param" declared implicitly
    assert_param(IS_TIM_LIST2_PERIPH(TIMx));
..\Libraries\STM32F4xx_StdPeriph_Driver\src\stm32f4xx_tim.c(3176): warning:  #223-D: function "assert_param" declared implicitly
    assert_param(IS_TIM_LIST6_PERIPH(TIMx));
..\Libraries\STM32F4xx_StdPeriph_Driver\src\stm32f4xx_tim.c: 84 warnings, 0 errors
compiling stm32f4xx_usart.c...
..\Libraries\STM32F4xx_StdPeriph_Driver\src\stm32f4xx_usart.c(190): warning:  #223-D: function "assert_param" declared implicitly
    assert_param(IS_USART_ALL_PERIPH(USARTx));
..\Libraries\STM32F4xx_StdPeriph_Driver\src\stm32f4xx_usart.c(254): warning:  #223-D: function "assert_param" declared implicitly
    assert_param(IS_USART_ALL_PERIPH(USARTx));
..\Libraries\STM32F4xx_StdPeriph_Driver\src\stm32f4xx_usart.c(383): warning:  #223-D: function "assert_param" declared implicitly
    assert_param(IS_USART_1236_PERIPH(USARTx));
..\Libraries\STM32F4xx_StdPeriph_Driver\src\stm32f4xx_usart.c(430): warning:  #223-D: function "assert_param" declared implicitly
    assert_param(IS_USART_ALL_PERIPH(USARTx));
..\Libraries\STM32F4xx_StdPeriph_Driver\src\stm32f4xx_usart.c(456): warning:  #223-D: function "assert_param" declared implicitly
    assert_param(IS_USART_ALL_PERIPH(USARTx));
..\Libraries\STM32F4xx_StdPeriph_Driver\src\stm32f4xx_usart.c(477): warning:  #223-D: function "assert_param" declared implicitly
    assert_param(IS_USART_ALL_PERIPH(USARTx));
..\Libraries\STM32F4xx_StdPeriph_Driver\src\stm32f4xx_usart.c(503): warning:  #223-D: function "assert_param" declared implicitly
    assert_param(IS_USART_ALL_PERIPH(USARTx));
..\Libraries\STM32F4xx_StdPeriph_Driver\src\stm32f4xx_usart.c(560): warning:  #223-D: function "assert_param" declared implicitly
    assert_param(IS_USART_ALL_PERIPH(USARTx));
..\Libraries\STM32F4xx_StdPeriph_Driver\src\stm32f4xx_usart.c(576): warning:  #223-D: function "assert_param" declared implicitly
    assert_param(IS_USART_ALL_PERIPH(USARTx));
..\Libraries\STM32F4xx_StdPeriph_Driver\src\stm32f4xx_usart.c(628): warning:  #223-D: function "assert_param" declared implicitly
    assert_param(IS_USART_ALL_PERIPH(USARTx));
..\Libraries\STM32F4xx_StdPeriph_Driver\src\stm32f4xx_usart.c(648): warning:  #223-D: function "assert_param" declared implicitly
    assert_param(IS_USART_ALL_PERIPH(USARTx));
..\Libraries\STM32F4xx_StdPeriph_Driver\src\stm32f4xx_usart.c(675): warning:  #223-D: function "assert_param" declared implicitly
    assert_param(IS_USART_ALL_PERIPH(USARTx));
..\Libraries\STM32F4xx_StdPeriph_Driver\src\stm32f4xx_usart.c(744): warning:  #223-D: function "assert_param" declared implicitly
    assert_param(IS_USART_ALL_PERIPH(USARTx));
..\Libraries\STM32F4xx_StdPeriph_Driver\src\stm32f4xx_usart.c(762): warning:  #223-D: function "assert_param" declared implicitly
    assert_param(IS_USART_ALL_PERIPH(USARTx));
..\Libraries\STM32F4xx_StdPeriph_Driver\src\stm32f4xx_usart.c(786): warning:  #223-D: function "assert_param" declared implicitly
    assert_param(IS_USART_ALL_PERIPH(USARTx));
..\Libraries\STM32F4xx_StdPeriph_Driver\src\stm32f4xx_usart.c(839): warning:  #223-D: function "assert_param" declared implicitly
    assert_param(IS_USART_ALL_PERIPH(USARTx));
..\Libraries\STM32F4xx_StdPeriph_Driver\src\stm32f4xx_usart.c(923): warning:  #223-D: function "assert_param" declared implicitly
    assert_param(IS_USART_1236_PERIPH(USARTx));
..\Libraries\STM32F4xx_StdPeriph_Driver\src\stm32f4xx_usart.c(942): warning:  #223-D: function "assert_param" declared implicitly
    assert_param(IS_USART_1236_PERIPH(USARTx));
..\Libraries\STM32F4xx_StdPeriph_Driver\src\stm32f4xx_usart.c(967): warning:  #223-D: function "assert_param" declared implicitly
    assert_param(IS_USART_1236_PERIPH(USARTx)); 
..\Libraries\STM32F4xx_StdPeriph_Driver\src\stm32f4xx_usart.c(1038): warning:  #223-D: function "assert_param" declared implicitly
    assert_param(IS_USART_ALL_PERIPH(USARTx));
..\Libraries\STM32F4xx_StdPeriph_Driver\src\stm32f4xx_usart.c(1056): warning:  #223-D: function "assert_param" declared implicitly
    assert_param(IS_USART_ALL_PERIPH(USARTx));
..\Libraries\STM32F4xx_StdPeriph_Driver\src\stm32f4xx_usart.c(1102): warning:  #223-D: function "assert_param" declared implicitly
    assert_param(IS_USART_ALL_PERIPH(USARTx));
..\Libraries\STM32F4xx_StdPeriph_Driver\src\stm32f4xx_usart.c(1236): warning:  #223-D: function "assert_param" declared implicitly
    assert_param(IS_USART_ALL_PERIPH(USARTx));
..\Libraries\STM32F4xx_StdPeriph_Driver\src\stm32f4xx_usart.c(1299): warning:  #223-D: function "assert_param" declared implicitly
    assert_param(IS_USART_ALL_PERIPH(USARTx));
..\Libraries\STM32F4xx_StdPeriph_Driver\src\stm32f4xx_usart.c(1347): warning:  #223-D: function "assert_param" declared implicitly
    assert_param(IS_USART_ALL_PERIPH(USARTx));
..\Libraries\STM32F4xx_StdPeriph_Driver\src\stm32f4xx_usart.c(1383): warning:  #223-D: function "assert_param" declared implicitly
    assert_param(IS_USART_ALL_PERIPH(USARTx));
..\Libraries\STM32F4xx_StdPeriph_Driver\src\stm32f4xx_usart.c(1456): warning:  #223-D: function "assert_param" declared implicitly
    assert_param(IS_USART_ALL_PERIPH(USARTx));
..\Libraries\STM32F4xx_StdPeriph_Driver\src\stm32f4xx_usart.c: 27 warnings, 0 errors
compiling RTX_Conf_CM.c...
compiling system_stm32f4xx.c...
linking...
.\Objects\OpticalWB.axf: Error: L6218E: Undefined symbol assert_param (referred from misc.o).
Not enough information to list image symbols.
Finished: 1 information, 0 warning and 1 error messages.
".\Objects\OpticalWB.axf" - 1 Error(s), 306 Warning(s).

<h2>Software Packages used:</h2>

Package Vendor: ARM
                http://www.keil.com/pack/ARM.CMSIS.4.2.0.pack
                ::CMSIS:RTOS:1.0 (API)
                CMSIS (Cortex Microcontroller Software Interface Standard)
   * Component: RTOS Version: 1.0
   * Component: CORE Version: 3.40.0
   * Component: Keil RTX Version: 4.75.0

Package Vendor: Keil
                http://www.keil.com/pack/Keil.STM32F4xx_DFP.2.3.0.pack
                Keil::Device:Startup:2.1.0
                STMicroelectronics STM32F4 Series Device Support, Drivers and Examples
   * Component: Startup Version: 2.1.0

<h2>Collection of Component include folders:</h2>
  F:\WORK\SOURSE\SORCES\New_OWB\MDK-ARM\RTE
  C:\Keil_v5\ARM\PACK\ARM\CMSIS\4.2.0\CMSIS\Include
  C:\Keil_v5\ARM\PACK\ARM\CMSIS\4.2.0\CMSIS_RTX\INC
  C:\Keil_v5\ARM\PACK\Keil\STM32F4xx_DFP\2.3.0\Drivers\CMSIS\Device\ST\STM32F4xx\Include

<h2>Collection of Component Files used:</h2>

   * Component: ::CMSIS:RTOS:1.0 (API)

   * Component: ARM::CMSIS:CORE:3.40.0
      Source file:   CMSIS\UserCodeTemplates\ARM\ITM_Retarget.c

   * Component: ARM::CMSIS:RTOS:Keil RTX:4.75.0
      Include file:  CMSIS_RTX\INC\cmsis_os.h
      Source file:   CMSIS_RTX\Templates\RTX_Conf_CM.c
      Include file:  CMSIS_RTX\UserCodeTemplates\osObjects.h
      Source file:   CMSIS_RTX\UserCodeTemplates\main.c
      Source file:   CMSIS_RTX\UserCodeTemplates\MailQueue.c
      Source file:   CMSIS_RTX\UserCodeTemplates\MemPool.c
      Source file:   CMSIS_RTX\UserCodeTemplates\MsgQueue.c
      Source file:   CMSIS_RTX\UserCodeTemplates\Mutex.c
      Source file:   CMSIS_RTX\UserCodeTemplates\Semaphore.c
      Source file:   CMSIS_RTX\UserCodeTemplates\Thread.c
      Source file:   CMSIS_RTX\UserCodeTemplates\Timer.c
      Source file:   CMSIS_RTX\SRC\ARM\SVC_Table.s
      Library file:  CMSIS_RTX\LIB\ARM\RTX_CM4.lib

   * Component: Keil::Device:Startup:2.1.0
      Source file:   MDK\Device\Source\ARM\STM32F40xxx_41xxx_OPT.s
      Source file:   MDK\Device\Source\ARM\STM32F4xx_OTP.s
      Include file:  Drivers\CMSIS\Device\ST\STM32F4xx\Include\stm32f4xx.h
      Source file:   Drivers\CMSIS\Device\ST\STM32F4xx\Source\Templates\arm\startup_stm32f407xx.s
      Source file:   MDK\Device\Source\ARM\system_stm32f4xx.c
Target not created.
